17862630125, 赵云, 黑龙江省-大连, 女, 34, 13712615525, 20221131102645, 2160
13902883170, 亚瑟, 天津市-宿迁, 女, 25, 14834803667, 20221004122227, 0992
17316138578, 韩信, 重庆市-常州, 女, 38, 19281287735, 20220612051739, 1277
16506906275, 曹操, 河南省-银川, 女, 78, 13312785277, 20220410011608, 0273
19738406561, 露娜, 安徽省-湛江, 女, 45, 15364681881, 20221007195502, 0969
13011851460, 花木兰, 河南省-莆田, 男, 34, 15984611884, 20220411072521, 3404
13288326800, 貂蝉, 江苏省-临沂, 男, 76, 15185419746, 20220710042925, 2721
14970021780, 狄仁杰, 吉林省-南阳, 男, 50, 18425456833, 20220717023553, 2132
13594054724, 后羿, 江西省-沈阳, 男, 20, 15749894076, 20221027013550, 2929
18195068046, 关羽, 四川省-湖州, 男, 18, 15111773933, 20221204163350, 3320
15147152761, 鲁班七号, 湖南省-镇江, 男, 47, 13549753335, 20220405120027, 3485
13774286957, 孙悟空, 四川省-邯郸, 男, 35, 16252289041, 20220701225343, 2170
19281287735, 老夫子, 北京市-金华, 男, 86, 15984611884, 20220419121457, 2261
16252289041, 程咬金, 河北省-中山, 男, 83, 14834803667, 20221129161153, 0406
13925679902, 项羽, 上海市-赣州, 男, 35, 18191435785, 20221005185154, 3321
14506294307, 公孙离, 甘肃省-漳州, 男, 61, 15749894076, 20220809074126, 0561
19827457952, 安琪拉, 山东省-潮州, 男, 57, 13312785277, 20220602071117, 3525
16524787883, 百里守约, 福建省-桂林, 男, 42, 16290597041, 20221114233415, 0023
17315896288, 蔡文姬, 辽宁省-南京, 男, 24, 14506294307, 20220310161911, 2174
13467604775, 吕布, 四川省-合肥, 男, 35, 16585161424, 20220824005225, 0153
19235500103, 扁鹊, 安徽省-汕头, 男, 50, 13011851460, 20220721110625, 0367
13626983496, 白起, 甘肃省-济宁, 男, 76, 15111773933, 20220301171104, 1923
15603751773, 兰陵王, 安徽省-襄阳, 男, 33, 17379147076, 20220531124320, 0624
18425456833, 庄周, 河南省-常德, 男, 45, 13925679902, 20221026114135, 1427
19297003873, 李元芳, 辽宁省-新乡, 男, 42, 17899953777, 20220907032430, 1181
15111773933, 嫦娥, 四川省-唐山, 男, 85, 16979673722, 20220529082505, 2617
14809101511, 猪八戒, 贵州省-潍坊, 男, 54, 17879650962, 20220506195301, 1593
17879650962, 孙尚香, 湖南省-湖州, 女, 77, 17379147076, 20221002094550, 0715
14942761613, 李白, 湖南省-莆田, 男, 80, 14834803667, 20220219173438, 0114
13010582384, 王昭君, 陕西省-潍坊, 男, 86, 16979673722, 20220110221318, 2986
14888748922, 梦琪, 重庆市-银川, 男, 18, 18191435785, 20220922200950, 2327
17831605038, 伽罗, 北京市-银川, 女, 29, 18686181608, 20220228152544, 0067
13627984072, 上官婉儿, 广东省-昆明, 男, 57, 15815834240, 20220931193224, 2865
15203239563, 宫本武藏, 吉林省-洛阳, 男, 53, 18456061893, 20220309104514, 1770
16585161424, 武则天, 广东省-武汉, 男, 29, 13557725070, 20220915031534, 2897
13549753335, 不知火舞, 上海市-成都, 男, 47, 19710598261, 20220917204152, 2278
18686181608, 钟无艳, 甘肃省-郑州, 男, 72, 19281287735, 20220715232522, 1954
16290597041, 橘右京, 浙江省-青岛, 男, 81, 18195068046, 20220930082231, 2060
19623976419, 女娲, 湖北省-台州, 男, 32, 14506294307, 20220528091607, 1948
13169795053, 黄忠, 江西省-常德, 男, 37, 13166009580, 20220811173809, 3422
13881471650, 雅典娜, 浙江省-济宁, 男, 56, 18191435785, 20220112073955, 1521
15364681881, 达摩, 甘肃省-中山, 男, 51, 13668295856, 20220605224411, 3565
13712615525, 妲己, 江西省-滁州, 男, 41, 17862630125, 20220902154437, 0060
17899953777, 百里玄策, 云南省-襄阳, 男, 33, 13312785277, 20220702141315, 3326
18454136007, 诸葛亮, 贵州省-镇江, 男, 57, 13166009580, 20221118082657, 0113
13557725070, 牛魔, 上海市-徐州, 男, 32, 13288326800, 20220201051159, 3267
16878814029, 大乔, 黑龙江省-株洲, 男, 62, 13549753335, 20220707194919, 2307
15749894076, 云中君, 山东省-汕头, 男, 56, 14964044272, 20220123043020, 3007
19879694322, 杨戬, 上海市-桂林, 女, 84, 17831605038, 20220631113607, 0086
14834803667, 芈月, 吉林省-淮安, 女, 76, 15984611884, 20220202174722, 1338
17876644996, 张良, 青海省-镇江, 女, 48, 15147152761, 20220823212141, 1645
18456061893, 马超, 北京市-泉州, 女, 77, 17684257298, 20220804204614, 1988
17337372873, 典韦, 河南省-绵阳, 女, 25, 19235500103, 20221007080500, 1430
17379147076, 哪吒, 浙江省-哈尔滨, 女, 60, 15111773933, 20221007084654, 1187
15257429432, 刘禅, 辽宁省-上饶, 女, 84, 17862630125, 20221009182045, 1928
13421993620, 墨子, 上海市-郑州, 女, 27, 17879650962, 20220606060155, 3562
15072621001, 孙膑, 上海市-苏州, 女, 21, 19738406561, 20221014125807, 2338
15604867271, 甄姬, 云南省-威海, 女, 63, 19631660062, 20220812172037, 2523
13166009580, 廉颇, 北京市-泰州, 女, 44, 16506906275, 20220722191356, 1381
15185419746, 阿轲, 贵州省-青岛, 女, 24, 13925679902, 20220312191251, 0534
13115982373, 高渐离, 海南省-阜阳, 男, 33, 16979673722, 20221119064723, 2429
15303846901, 钟馗, 天津市-泉州, 男, 66, 18686181608, 20221119150552, 3341
13668295856, 嬴政, 上海市-盐城, 男, 23, 17315896288, 20220427020803, 0931
15815834240, 夏侯惇, 吉林省-九江, 男, 67, 19631660062, 20220703061018, 2501
14791877341, 姜子牙, 湖北省-临沂, 男, 72, 18191435785, 20220505064142, 2208
19732304190, 孙策, 贵州省-杭州, 女, 86, 17379147076, 20220230210939, 0470
15984611884, 张飞, 福建省-盐城, 女, 81, 15603751773, 20221118234613, 1343
14964044272, 蒙犽, 浙江省-佛山, 女, 44, 17323142154, 20220425074517, 0384
18141147293, 艾琳, 河北省-新乡, 女, 46, 13626983496, 20221213230707, 3493
13597175032, 田归农, 广东省-潮州, 男, 68, 18686181608, 20220618201026, 2367
13312785277, 苗人凤, 浙江省-廊坊, 男, 69, 14791877341, 20221017053743, 1098
15213761503, 胡斐, 吉林省-九江, 男, 21, 16506906275, 20221031115855, 3399
19710598261, 陈家洛, 山东省-大连, 男, 20, 13627984072, 20220620173231, 0440
18191435785, 无尘道长, 福建省-桂林, 男, 75, 19710598261, 20220312235316, 1712
19253212241, 李沅芷, 安徽省-大连, 女, 54, 19732304190, 20221004122204, 1683
16979673722, 余鱼同, 广东省-中山, 女, 19, 15203239563, 20220830214416, 2910
13719952508, 张三丰, 湖北省-莆田, 女, 87, 15185419746, 20221209144435, 3057
13723471791, 张无忌, 广东省-徐州, 女, 77, 19281287735, 20220617140711, 1609
17323142154, 独孤求败, 吉林省-桂林, 男, 27, 14970021780, 20220103084349, 0867
15788158667, 洪七公, 陕西省-宜昌, 男, 46, 17337372873, 20220816120459, 0051
13394050178, 郭靖, 天津市-潍坊, 男, 59, 16911287096, 20220516194555, 2800
17684257298, 郭芙, 青海省-厦门, 男, 28, 13925679902, 20221107055832, 0422
15100199689, 令狐冲, 四川省-新乡, 男, 85, 17879650962, 20221020021712, 1319
19631660062, 宁中则, 天津市, 男, 85, 17316138578, 20220907191455, 3415
16911287096, 洛雨, 天津市, 男, 53, 16290597041, 20220425235700, 2103
17684257298, 郭芙, 青海省-厦门, 男, 28, 15185419746, 20220931065703, 0712
13011851460, 花木兰, 河南省-莆田, 男, 34, 17862630125, 20220612132449, 1346
14970021780, 狄仁杰, 吉林省-南阳, 男, 50, 17899953777, 20221128091227, 1749
17684257298, 郭芙, 青海省-厦门, 男, 28, 15303846901, 20220304152400, 1728
14942761613, 李白, 湖南省-莆田, 男, 80, 14809101511, 20220623120656, 1533
14791877341, 姜子牙, 湖北省-临沂, 男, 72, 15604867271, 20221127110931, 0914
19732304190, 孙策, 贵州省-杭州, 女, 86, 19738406561, 20220421155954, 2581
16252289041, 程咬金, 河北省-中山, 男, 83, 14834803667, 20220507131755, 3279
17879650962, 孙尚香, 湖南省-湖州, 女, 77, 17831605038, 20221129114146, 3558
13627984072, 上官婉儿, 广东省-昆明, 男, 57, 18195068046, 20220508094630, 0713
18454136007, 诸葛亮, 贵州省-镇江, 男, 57, 17831605038, 20220618024956, 2096
13712615525, 妲己, 江西省-滁州, 男, 41, 13394050178, 20220717122537, 1838
13774286957, 孙悟空, 四川省-邯郸, 男, 35, 13467604775, 20220115123334, 0482
17862630125, 赵云, 黑龙江省-大连, 女, 34, 15072621001, 20220810042608, 0364
15788158667, 洪七公, 陕西省-宜昌, 男, 46, 13719952508, 20220718101211, 2968
15257429432, 刘禅, 辽宁省-上饶, 女, 84, 15749894076, 20220230021832, 0699
13594054724, 后羿, 江西省-沈阳, 男, 20, 14834803667, 20220820171955, 0128
14506294307, 公孙离, 甘肃省-漳州, 男, 61, 15364681881, 20220131085426, 2074
15984611884, 张飞, 福建省-盐城, 女, 81, 17316138578, 20220504134621, 3409
15072621001, 孙膑, 上海市-苏州, 女, 21, 13166009580, 20220728060955, 2964
14809101511, 猪八戒, 贵州省-潍坊, 男, 54, 15111773933, 20220711162941, 1231
13557725070, 牛魔, 上海市-徐州, 男, 32, 14942761613, 20221115201727, 1919
16911287096, 洛雨, 天津市, 男, 53, 16524787883, 20221011065242, 2252
16290597041, 橘右京, 浙江省-青岛, 男, 81, 17879650962, 20220103183152, 0582
17323142154, 独孤求败, 吉林省-桂林, 男, 27, 13723471791, 20220815222941, 0827
13774286957, 孙悟空, 四川省-邯郸, 男, 35, 13902883170, 20221104193634, 3154
19710598261, 陈家洛, 山东省-大连, 男, 20, 17831605038, 20220211084820, 0839
17831605038, 伽罗, 北京市-银川, 女, 29, 13557725070, 20220802141108, 2945
17879650962, 孙尚香, 湖南省-湖州, 女, 77, 15303846901, 20220419115414, 0331
13169795053, 黄忠, 江西省-常德, 男, 37, 16506906275, 20220726035830, 2166
18456061893, 马超, 北京市-泉州, 女, 77, 14942761613, 20220202205137, 2984
18141147293, 艾琳, 河北省-新乡, 女, 46, 13902883170, 20220405012000, 2162
13166009580, 廉颇, 北京市-泰州, 女, 44, 15147152761, 20220612060619, 1054
19738406561, 露娜, 安徽省-湛江, 女, 45, 17337372873, 20221020104557, 1900
13774286957, 孙悟空, 四川省-邯郸, 男, 35, 18686181608, 20220227220829, 0441
13549753335, 不知火舞, 上海市-成都, 男, 47, 13881471650, 20221219052838, 0449
17831605038, 伽罗, 北京市-银川, 女, 29, 14809101511, 20220326193813, 2495
13010582384, 王昭君, 陕西省-潍坊, 男, 86, 19710598261, 20221206195513, 0186
14970021780, 狄仁杰, 吉林省-南阳, 男, 50, 13594054724, 20221125235402, 1957
13312785277, 苗人凤, 浙江省-廊坊, 男, 69, 14791877341, 20220111132005, 2427
13421993620, 墨子, 上海市-郑州, 女, 27, 13288326800, 20220423190805, 3162
17315896288, 蔡文姬, 辽宁省-南京, 男, 24, 16911287096, 20220310064923, 2552
14506294307, 公孙离, 甘肃省-漳州, 男, 61, 19710598261, 20221019072625, 2339
14809101511, 猪八戒, 贵州省-潍坊, 男, 54, 15100199689, 20220212071501, 0643
13557725070, 牛魔, 上海市-徐州, 男, 32, 19710598261, 20220716025050, 0833
16979673722, 余鱼同, 广东省-中山, 女, 19, 13774286957, 20220911044159, 3320
13902883170, 亚瑟, 天津市-宿迁, 女, 25, 19235500103, 20220729072639, 2384
13719952508, 张三丰, 湖北省-莆田, 女, 87, 13467604775, 20220228035745, 0707
16878814029, 大乔, 黑龙江省-株洲, 男, 62, 15788158667, 20220113050909, 1568
13597175032, 田归农, 广东省-潮州, 男, 68, 18191435785, 20221227195208, 2275
14791877341, 姜子牙, 湖北省-临沂, 男, 72, 19281287735, 20221214035156, 3035
13627984072, 上官婉儿, 广东省-昆明, 男, 57, 13467604775, 20220927042036, 0024
18191435785, 无尘道长, 福建省-桂林, 男, 75, 13394050178, 20221222180156, 2729
14888748922, 梦琪, 重庆市-银川, 男, 18, 13668295856, 20220516170834, 2433
13169795053, 黄忠, 江西省-常德, 男, 37, 15111773933, 20220931180348, 0563
14942761613, 李白, 湖南省-莆田, 男, 80, 13881471650, 20220318180857, 2591
13626983496, 白起, 甘肃省-济宁, 男, 76, 13011851460, 20221001032944, 0440
13668295856, 嬴政, 上海市-盐城, 男, 23, 13467604775, 20220704185409, 1601
13394050178, 郭靖, 天津市-潍坊, 男, 59, 13011851460, 20220813161947, 2420
16524787883, 百里守约, 福建省-桂林, 男, 42, 14942761613, 20221103152843, 3129
13557725070, 牛魔, 上海市-徐州, 男, 32, 18195068046, 20220107214024, 2327
13597175032, 田归农, 广东省-潮州, 男, 68, 18141147293, 20220921135028, 0704
17316138578, 韩信, 重庆市-常州, 女, 38, 13774286957, 20220823190223, 3155
13421993620, 墨子, 上海市-郑州, 女, 27, 16585161424, 20221008085641, 3115
19281287735, 老夫子, 北京市-金华, 男, 86, 13288326800, 20220110215652, 0369
17879650962, 孙尚香, 湖南省-湖州, 女, 77, 15203239563, 20221230040037, 2450
16290597041, 橘右京, 浙江省-青岛, 男, 81, 13668295856, 20220815040733, 1421
18191435785, 无尘道长, 福建省-桂林, 男, 75, 18686181608, 20221027030936, 3500
13312785277, 苗人凤, 浙江省-廊坊, 男, 69, 15111773933, 20220125063641, 0223
17337372873, 典韦, 河南省-绵阳, 女, 25, 14964044272, 20220508193221, 0093
14888748922, 梦琪, 重庆市-银川, 男, 18, 13594054724, 20220631231024, 2395
17316138578, 韩信, 重庆市-常州, 女, 38, 19732304190, 20220404165200, 0926
19738406561, 露娜, 安徽省-湛江, 女, 45, 14970021780, 20220128050528, 3338
18454136007, 诸葛亮, 贵州省-镇江, 男, 57, 15303846901, 20220223151318, 1882
19235500103, 扁鹊, 安徽省-汕头, 男, 50, 15257429432, 20220425185528, 0777
16585161424, 武则天, 广东省-武汉, 男, 29, 15603751773, 20221112161638, 2729
19281287735, 老夫子, 北京市-金华, 男, 86, 14506294307, 20220706021357, 0908
15257429432, 刘禅, 辽宁省-上饶, 女, 84, 18454136007, 20220304061531, 3238
13594054724, 后羿, 江西省-沈阳, 男, 20, 16252289041, 20221004232311, 2240
17862630125, 赵云, 黑龙江省-大连, 女, 34, 14791877341, 20221213092030, 3588
13010582384, 王昭君, 陕西省-潍坊, 男, 86, 14942761613, 20220831012209, 0552
13166009580, 廉颇, 北京市-泰州, 女, 44, 16252289041, 20220902051539, 0448
13288326800, 貂蝉, 江苏省-临沂, 男, 76, 19297003873, 20220719074214, 3085
15257429432, 刘禅, 辽宁省-上饶, 女, 84, 13594054724, 20220507153223, 1113
15603751773, 兰陵王, 安徽省-襄阳, 男, 33, 18454136007, 20220115012206, 2631
14964044272, 蒙犽, 浙江省-佛山, 女, 44, 19710598261, 20221230210331, 0902
19631660062, 宁中则, 天津市, 男, 85, 17862630125, 20220613080435, 2338
19827457952, 安琪拉, 山东省-潮州, 男, 57, 15147152761, 20220511160616, 0655
15303846901, 钟馗, 天津市-泉州, 男, 66, 13719952508, 20220704163215, 0102
19732304190, 孙策, 贵州省-杭州, 女, 86, 16506906275, 20220631142013, 1897
15203239563, 宫本武藏, 吉林省-洛阳, 男, 53, 19879694322, 20220117043102, 1839
17323142154, 独孤求败, 吉林省-桂林, 男, 27, 18425456833, 20220405101850, 0620
13010582384, 王昭君, 陕西省-潍坊, 男, 86, 15072621001, 20220708173526, 1084
13627984072, 上官婉儿, 广东省-昆明, 男, 57, 15984611884, 20220103162059, 0877
13467604775, 吕布, 四川省-合肥, 男, 35, 13288326800, 20220107204026, 1701
13719952508, 张三丰, 湖北省-莆田, 女, 87, 15603751773, 20220516195621, 1745
19253212241, 李沅芷, 安徽省-大连, 女, 54, 13594054724, 20220904093021, 1801
15788158667, 洪七公, 陕西省-宜昌, 男, 46, 13011851460, 20220310165335, 3574
15815834240, 夏侯惇, 吉林省-九江, 男, 67, 15364681881, 20220918024213, 1375
18456061893, 马超, 北京市-泉州, 女, 77, 19631660062, 20220114032814, 0737
13902883170, 亚瑟, 天津市-宿迁, 女, 25, 15111773933, 20221106191338, 1667
15147152761, 鲁班七号, 湖南省-镇江, 男, 47, 19235500103, 20220714025208, 2515
15203239563, 宫本武藏, 吉林省-洛阳, 男, 53, 17316138578, 20220825023433, 1996
13557725070, 牛魔, 上海市-徐州, 男, 32, 13467604775, 20220801030620, 1274
13549753335, 不知火舞, 上海市-成都, 男, 47, 15072621001, 20220618145310, 2330
14791877341, 姜子牙, 湖北省-临沂, 男, 72, 14970021780, 20220122050818, 3380
13723471791, 张无忌, 广东省-徐州, 女, 77, 14970021780, 20221020100653, 1357
15100199689, 令狐冲, 四川省-新乡, 男, 85, 14506294307, 20220314013621, 0793
13549753335, 不知火舞, 上海市-成都, 男, 47, 15603751773, 20221206145404, 3486
15072621001, 孙膑, 上海市-苏州, 女, 21, 17879650962, 20221001052923, 1425
16979673722, 余鱼同, 广东省-中山, 女, 19, 13774286957, 20221209130601, 0237
13312785277, 苗人凤, 浙江省-廊坊, 男, 69, 14809101511, 20221116040934, 2667
19738406561, 露娜, 安徽省-湛江, 女, 45, 13166009580, 20220120200649, 0623
16252289041, 程咬金, 河北省-中山, 男, 83, 18456061893, 20220605223718, 0859
19631660062, 宁中则, 天津市, 男, 85, 15364681881, 20220605022121, 0863
16979673722, 余鱼同, 广东省-中山, 女, 19, 18686181608, 20220219165141, 0102
15788158667, 洪七公, 陕西省-宜昌, 男, 46, 19732304190, 20221109022810, 2666
15147152761, 鲁班七号, 湖南省-镇江, 男, 47, 17876644996, 20220904173409, 1393
13557725070, 牛魔, 上海市-徐州, 男, 32, 14506294307, 20220906105223, 2697
17316138578, 韩信, 重庆市-常州, 女, 38, 17862630125, 20220120172937, 2871
14970021780, 狄仁杰, 吉林省-南阳, 男, 50, 13549753335, 20220825004124, 1549
17879650962, 孙尚香, 湖南省-湖州, 女, 77, 15788158667, 20220710115036, 0966
17337372873, 典韦, 河南省-绵阳, 女, 25, 16911287096, 20221118024451, 3343
19879694322, 杨戬, 上海市-桂林, 女, 84, 13774286957, 20220615070356, 1168
16911287096, 洛雨, 天津市, 男, 53, 13115982373, 20220125085616, 0691
19879694322, 杨戬, 上海市-桂林, 女, 84, 17684257298, 20220513224943, 0142
15111773933, 嫦娥, 四川省-唐山, 男, 85, 16979673722, 20220513151110, 0523
19631660062, 宁中则, 天津市, 男, 85, 18141147293, 20220821175903, 2466
15303846901, 钟馗, 天津市-泉州, 男, 66, 16524787883, 20220303132732, 0759
13169795053, 黄忠, 江西省-常德, 男, 37, 15815834240, 20220427040405, 1204
13421993620, 墨子, 上海市-郑州, 女, 27, 15072621001, 20220729214710, 0697
17316138578, 韩信, 重庆市-常州, 女, 38, 13925679902, 20220602154829, 1177
13010582384, 王昭君, 陕西省-潍坊, 男, 86, 14834803667, 20220602010816, 1441
13288326800, 貂蝉, 江苏省-临沂, 男, 76, 15147152761, 20221204141629, 1464
17323142154, 独孤求败, 吉林省-桂林, 男, 27, 13723471791, 20220408202317, 2596
13668295856, 嬴政, 上海市-盐城, 男, 23, 19710598261, 20221020174236, 2112
17876644996, 张良, 青海省-镇江, 女, 48, 19879694322, 20220619155707, 2340
15788158667, 洪七公, 陕西省-宜昌, 男, 46, 14809101511, 20220106003156, 0200
13925679902, 项羽, 上海市-赣州, 男, 35, 15604867271, 20220417111422, 1754
19297003873, 李元芳, 辽宁省-新乡, 男, 42, 13011851460, 20221128090434, 1808
13288326800, 貂蝉, 江苏省-临沂, 男, 76, 14888748922, 20220516081605, 2200
13627984072, 上官婉儿, 广东省-昆明, 男, 57, 15072621001, 20220125043622, 3498
17879650962, 孙尚香, 湖南省-湖州, 女, 77, 17899953777, 20220501155108, 2989
19827457952, 安琪拉, 山东省-潮州, 男, 57, 16290597041, 20220726171716, 0961
17315896288, 蔡文姬, 辽宁省-南京, 男, 24, 19235500103, 20220330023615, 2644
13774286957, 孙悟空, 四川省-邯郸, 男, 35, 13115982373, 20220401032856, 0361
13288326800, 貂蝉, 江苏省-临沂, 男, 76, 13557725070, 20220723061510, 0972
14942761613, 李白, 湖南省-莆田, 男, 80, 16878814029, 20221113143358, 3076
16290597041, 橘右京, 浙江省-青岛, 男, 81, 14791877341, 20220727170244, 2478
13902883170, 亚瑟, 天津市-宿迁, 女, 25, 15604867271, 20220522110755, 1057
13312785277, 苗人凤, 浙江省-廊坊, 男, 69, 16979673722, 20220919140810, 2480
19738406561, 露娜, 安徽省-湛江, 女, 45, 13115982373, 20220712123041, 2759
15100199689, 令狐冲, 四川省-新乡, 男, 85, 14506294307, 20220308131448, 0576
13668295856, 嬴政, 上海市-盐城, 男, 23, 19623976419, 20221021055119, 3372
13421993620, 墨子, 上海市-郑州, 女, 27, 13597175032, 20220603203209, 0061
19879694322, 杨戬, 上海市-桂林, 女, 84, 14809101511, 20220519135623, 1748
18195068046, 关羽, 四川省-湖州, 男, 18, 19631660062, 20221029011312, 1371
18456061893, 马超, 北京市-泉州, 女, 77, 15100199689, 20221208031848, 1199
18686181608, 钟无艳, 甘肃省-郑州, 男, 72, 14791877341, 20220105213452, 2896
15604867271, 甄姬, 云南省-威海, 女, 63, 15603751773, 20221225220336, 0253
13288326800, 貂蝉, 江苏省-临沂, 男, 76, 17684257298, 20220826221815, 1946
14809101511, 猪八戒, 贵州省-潍坊, 男, 54, 19281287735, 20220630235151, 1765
14970021780, 狄仁杰, 吉林省-南阳, 男, 50, 15213761503, 20220302223543, 1752
15788158667, 洪七公, 陕西省-宜昌, 男, 46, 13549753335, 20220729123152, 1426
13010582384, 王昭君, 陕西省-潍坊, 男, 86, 14942761613, 20220405010309, 1911
15100199689, 令狐冲, 四川省-新乡, 男, 85, 18195068046, 20220721111131, 1744
13774286957, 孙悟空, 四川省-邯郸, 男, 35, 15364681881, 20220906110643, 1929
15147152761, 鲁班七号, 湖南省-镇江, 男, 47, 13011851460, 20220625132050, 2390
13627984072, 上官婉儿, 广东省-昆明, 男, 57, 19631660062, 20220514234512, 1377
15604867271, 甄姬, 云南省-威海, 女, 63, 13169795053, 20220220201652, 1166
15213761503, 胡斐, 吉林省-九江, 男, 21, 14970021780, 20220826113803, 1822
15072621001, 孙膑, 上海市-苏州, 女, 21, 16911287096, 20220205194440, 1156
16878814029, 大乔, 黑龙江省-株洲, 男, 62, 16506906275, 20220119043508, 0121
19879694322, 杨戬, 上海市-桂林, 女, 84, 17899953777, 20221217163536, 3571
16524787883, 百里守约, 福建省-桂林, 男, 42, 13597175032, 20220618154331, 3570
14809101511, 猪八戒, 贵州省-潍坊, 男, 54, 13719952508, 20220112153438, 1520
14888748922, 梦琪, 重庆市-银川, 男, 18, 13594054724, 20220418100631, 1965
17862630125, 赵云, 黑龙江省-大连, 女, 34, 18191435785, 20221230093339, 1846
13557725070, 牛魔, 上海市-徐州, 男, 32, 13169795053, 20220324131158, 2775
17876644996, 张良, 青海省-镇江, 女, 48, 19738406561, 20221213155931, 0431
17315896288, 蔡文姬, 辽宁省-南京, 男, 24, 13557725070, 20220531050449, 1093
13902883170, 亚瑟, 天津市-宿迁, 女, 25, 17379147076, 20220227012839, 0317
18141147293, 艾琳, 河北省-新乡, 女, 46, 13881471650, 20220109143336, 2262
19297003873, 李元芳, 辽宁省-新乡, 男, 42, 15100199689, 20221224054153, 1988
16506906275, 曹操, 河南省-银川, 女, 78, 19297003873, 20221107143020, 3124
15749894076, 云中君, 山东省-汕头, 男, 56, 15604867271, 20220614104210, 0637
15815834240, 夏侯惇, 吉林省-九江, 男, 67, 19281287735, 20221109132144, 0435
17379147076, 哪吒, 浙江省-哈尔滨, 女, 60, 15257429432, 20221210184530, 2915
14964044272, 蒙犽, 浙江省-佛山, 女, 44, 19281287735, 20220916124939, 3309
16252289041, 程咬金, 河北省-中山, 男, 83, 16585161424, 20220322094558, 0917
13597175032, 田归农, 广东省-潮州, 男, 68, 17337372873, 20220622181043, 3122
19732304190, 孙策, 贵州省-杭州, 女, 86, 19235500103, 20220808003312, 1158
16524787883, 百里守约, 福建省-桂林, 男, 42, 16911287096, 20220502043427, 2975
17379147076, 哪吒, 浙江省-哈尔滨, 女, 60, 19623976419, 20220109083037, 0130
13723471791, 张无忌, 广东省-徐州, 女, 77, 16979673722, 20220604055257, 0622
13169795053, 黄忠, 江西省-常德, 男, 37, 19827457952, 20221029041023, 3402
18195068046, 关羽, 四川省-湖州, 男, 18, 16252289041, 20220809150953, 0111
16585161424, 武则天, 广东省-武汉, 男, 29, 13421993620, 20220318105715, 2174
13712615525, 妲己, 江西省-滁州, 男, 41, 13166009580, 20221101063203, 3550
19281287735, 老夫子, 北京市-金华, 男, 86, 14506294307, 20220210202122, 2937
19623976419, 女娲, 湖北省-台州, 男, 32, 16911287096, 20220522140244, 1520
14809101511, 猪八戒, 贵州省-潍坊, 男, 54, 17337372873, 20220717053822, 2011
13010582384, 王昭君, 陕西省-潍坊, 男, 86, 17316138578, 20221103004005, 1052
13626983496, 白起, 甘肃省-济宁, 男, 76, 19297003873, 20220408230933, 0653
19710598261, 陈家洛, 山东省-大连, 男, 20, 13549753335, 20220723072142, 0378
15303846901, 钟馗, 天津市-泉州, 男, 66, 19631660062, 20220622031741, 2458
14964044272, 蒙犽, 浙江省-佛山, 女, 44, 13774286957, 20221106104448, 0511
16878814029, 大乔, 黑龙江省-株洲, 男, 62, 13166009580, 20221007191305, 1061
13774286957, 孙悟空, 四川省-邯郸, 男, 35, 16979673722, 20220206201945, 0605
13925679902, 项羽, 上海市-赣州, 男, 35, 17899953777, 20220825032214, 0800
18191435785, 无尘道长, 福建省-桂林, 男, 75, 17379147076, 20221208155007, 0267
18454136007, 诸葛亮, 贵州省-镇江, 男, 57, 14970021780, 20220110214951, 0158
17684257298, 郭芙, 青海省-厦门, 男, 28, 14964044272, 20221110012914, 2896
18425456833, 庄周, 河南省-常德, 男, 45, 19827457952, 20220519102942, 0048
13627984072, 上官婉儿, 广东省-昆明, 男, 57, 16911287096, 20220330155843, 2370
18686181608, 钟无艳, 甘肃省-郑州, 男, 72, 16979673722, 20221209060217, 0266
17315896288, 蔡文姬, 辽宁省-南京, 男, 24, 15984611884, 20220825045642, 1427
13902883170, 亚瑟, 天津市-宿迁, 女, 25, 17315896288, 20220829215915, 3227
19297003873, 李元芳, 辽宁省-新乡, 男, 42, 13881471650, 20220415074156, 0943
15213761503, 胡斐, 吉林省-九江, 男, 21, 17879650962, 20220109010155, 0709
14970021780, 狄仁杰, 吉林省-南阳, 男, 50, 18456061893, 20220429095848, 2993
13288326800, 貂蝉, 江苏省-临沂, 男, 76, 15303846901, 20220526062939, 1573
17831605038, 伽罗, 北京市-银川, 女, 29, 17876644996, 20221220132335, 3224
17899953777, 百里玄策, 云南省-襄阳, 男, 33, 13394050178, 20221213080122, 1604
19732304190, 孙策, 贵州省-杭州, 女, 86, 16290597041, 20220119091920, 2953
13626983496, 白起, 甘肃省-济宁, 男, 76, 19623976419, 20220716183545, 3457
15072621001, 孙膑, 上海市-苏州, 女, 21, 17323142154, 20220520091752, 3051
13394050178, 郭靖, 天津市-潍坊, 男, 59, 13668295856, 20220604210544, 0520
14888748922, 梦琪, 重庆市-银川, 男, 18, 14970021780, 20220104044538, 2176
18686181608, 钟无艳, 甘肃省-郑州, 男, 72, 15604867271, 20220322175445, 1491
15100199689, 令狐冲, 四川省-新乡, 男, 85, 16979673722, 20220912133941, 2984
13288326800, 貂蝉, 江苏省-临沂, 男, 76, 13881471650, 20220707105903, 0770
15984611884, 张飞, 福建省-盐城, 女, 81, 15147152761, 20220728101931, 3507
13421993620, 墨子, 上海市-郑州, 女, 27, 13626983496, 20220717120136, 3132
14791877341, 姜子牙, 湖北省-临沂, 男, 72, 19281287735, 20221014193601, 1167
17379147076, 哪吒, 浙江省-哈尔滨, 女, 60, 15203239563, 20220318042049, 2228
15303846901, 钟馗, 天津市-泉州, 男, 66, 16252289041, 20220426033245, 2574
16252289041, 程咬金, 河北省-中山, 男, 83, 17862630125, 20220407081755, 3365
18456061893, 马超, 北京市-泉州, 女, 77, 18191435785, 20221119010612, 0265
16979673722, 余鱼同, 广东省-中山, 女, 19, 15788158667, 20220720082146, 2331
13467604775, 吕布, 四川省-合肥, 男, 35, 19253212241, 20220504145352, 0366
19623976419, 女娲, 湖北省-台州, 男, 32, 19732304190, 20220918045218, 0420
13626983496, 白起, 甘肃省-济宁, 男, 76, 15364681881, 20220714012014, 1723
16878814029, 大乔, 黑龙江省-株洲, 男, 62, 17876644996, 20220102202907, 0416
14834803667, 芈月, 吉林省-淮安, 女, 76, 14964044272, 20220808054933, 1652
17379147076, 哪吒, 浙江省-哈尔滨, 女, 60, 14834803667, 20220821035620, 2373
13597175032, 田归农, 广东省-潮州, 男, 68, 17899953777, 20220318145200, 1291
15213761503, 胡斐, 吉林省-九江, 男, 21, 13597175032, 20220309224138, 3367
19281287735, 老夫子, 北京市-金华, 男, 86, 13902883170, 20221108152325, 3349
13115982373, 高渐离, 海南省-阜阳, 男, 33, 15213761503, 20221013012030, 2956
18456061893, 马超, 北京市-泉州, 女, 77, 18454136007, 20220108063438, 1216
13597175032, 田归农, 广东省-潮州, 男, 68, 13925679902, 20220502092433, 1089
19732304190, 孙策, 贵州省-杭州, 女, 86, 13549753335, 20221230165902, 1538
16585161424, 武则天, 广东省-武汉, 男, 29, 13774286957, 20220721153810, 0016
16979673722, 余鱼同, 广东省-中山, 女, 19, 13668295856, 20220826034957, 0767
16911287096, 洛雨, 天津市, 男, 53, 15100199689, 20220930024745, 0138
19631660062, 宁中则, 天津市, 男, 85, 13712615525, 20220726124050, 1053
19879694322, 杨戬, 上海市-桂林, 女, 84, 15603751773, 20221218132052, 1853
15203239563, 宫本武藏, 吉林省-洛阳, 男, 53, 13010582384, 20220515213653, 3400
13668295856, 嬴政, 上海市-盐城, 男, 23, 16252289041, 20221126011720, 1334
15100199689, 令狐冲, 四川省-新乡, 男, 85, 14888748922, 20221226230411, 1721
17879650962, 孙尚香, 湖南省-湖州, 女, 77, 16911287096, 20220631111904, 0391
19235500103, 扁鹊, 安徽省-汕头, 男, 50, 13723471791, 20221008225851, 1501
13774286957, 孙悟空, 四川省-邯郸, 男, 35, 17379147076, 20220216065100, 2388
13881471650, 雅典娜, 浙江省-济宁, 男, 56, 18454136007, 20221218160902, 0158
17315896288, 蔡文姬, 辽宁省-南京, 男, 24, 17831605038, 20221117163332, 2895
16585161424, 武则天, 广东省-武汉, 男, 29, 15213761503, 20221202020047, 3063
15072621001, 孙膑, 上海市-苏州, 女, 21, 18141147293, 20220517211834, 1033
15604867271, 甄姬, 云南省-威海, 女, 63, 15749894076, 20221030223149, 1732
15603751773, 兰陵王, 安徽省-襄阳, 男, 33, 17831605038, 20220928195959, 2652
14970021780, 狄仁杰, 吉林省-南阳, 男, 50, 15815834240, 20220827113127, 2467
13597175032, 田归农, 广东省-潮州, 男, 68, 18425456833, 20221116211140, 3536
19235500103, 扁鹊, 安徽省-汕头, 男, 50, 19253212241, 20220421201226, 2892
15788158667, 洪七公, 陕西省-宜昌, 男, 46, 15213761503, 20220425050221, 0347
19235500103, 扁鹊, 安徽省-汕头, 男, 50, 13467604775, 20220325060916, 3314
18686181608, 钟无艳, 甘肃省-郑州, 男, 72, 13011851460, 20220606151005, 2509
17862630125, 赵云, 黑龙江省-大连, 女, 34, 15203239563, 20220903190027, 1796
18454136007, 诸葛亮, 贵州省-镇江, 男, 57, 13627984072, 20221225070829, 1568
13774286957, 孙悟空, 四川省-邯郸, 男, 35, 15213761503, 20220223214009, 1067
17684257298, 郭芙, 青海省-厦门, 男, 28, 13394050178, 20220405112432, 3475
16290597041, 橘右京, 浙江省-青岛, 男, 81, 13312785277, 20220509175937, 1068
16506906275, 曹操, 河南省-银川, 女, 78, 14834803667, 20220910042246, 2959
13925679902, 项羽, 上海市-赣州, 男, 35, 15257429432, 20220105033057, 0993
15815834240, 夏侯惇, 吉林省-九江, 男, 67, 16911287096, 20220230155157, 1692
14888748922, 梦琪, 重庆市-银川, 男, 18, 13557725070, 20220624053703, 1075
15100199689, 令狐冲, 四川省-新乡, 男, 85, 15185419746, 20220717202433, 1790
16252289041, 程咬金, 河北省-中山, 男, 83, 15364681881, 20220224105225, 2278
13166009580, 廉颇, 北京市-泰州, 女, 44, 19631660062, 20220206032748, 1626
19879694322, 杨戬, 上海市-桂林, 女, 84, 19253212241, 20220515082225, 1172
15111773933, 嫦娥, 四川省-唐山, 男, 85, 16252289041, 20220606014043, 3023
17831605038, 伽罗, 北京市-银川, 女, 29, 16878814029, 20220601112851, 1738
16911287096, 洛雨, 天津市, 男, 53, 13626983496, 20220216154333, 0495
17337372873, 典韦, 河南省-绵阳, 女, 25, 13115982373, 20220804173338, 1263
15203239563, 宫本武藏, 吉林省-洛阳, 男, 53, 13467604775, 20220813180529, 1933
15111773933, 嫦娥, 四川省-唐山, 男, 85, 19631660062, 20220827060737, 3041
14506294307, 公孙离, 甘肃省-漳州, 男, 61, 18454136007, 20221125154933, 1177
13312785277, 苗人凤, 浙江省-廊坊, 男, 69, 16911287096, 20220802215022, 2326
13166009580, 廉颇, 北京市-泰州, 女, 44, 13626983496, 20220515235813, 3440
15303846901, 钟馗, 天津市-泉州, 男, 66, 13166009580, 20221026033155, 1129
19623976419, 女娲, 湖北省-台州, 男, 32, 18191435785, 20220928173929, 2573
13288326800, 貂蝉, 江苏省-临沂, 男, 76, 19732304190, 20221118204501, 2574
15815834240, 夏侯惇, 吉林省-九江, 男, 67, 13627984072, 20220402030636, 2690
15100199689, 令狐冲, 四川省-新乡, 男, 85, 16252289041, 20220601233516, 0385
18425456833, 庄周, 河南省-常德, 男, 45, 17831605038, 20221026013017, 1547
13557725070, 牛魔, 上海市-徐州, 男, 32, 17684257298, 20221230102314, 1000
15984611884, 张飞, 福建省-盐城, 女, 81, 15213761503, 20220803072521, 2654
18141147293, 艾琳, 河北省-新乡, 女, 46, 16979673722, 20221126225822, 2426
16585161424, 武则天, 广东省-武汉, 男, 29, 13557725070, 20221101065634, 2373
13166009580, 廉颇, 北京市-泰州, 女, 44, 13115982373, 20220530230832, 1687
14888748922, 梦琪, 重庆市-银川, 男, 18, 18425456833, 20220631071039, 0490
18456061893, 马超, 北京市-泉州, 女, 77, 13881471650, 20221028143338, 0645
15749894076, 云中君, 山东省-汕头, 男, 56, 16878814029, 20220619065042, 0204
19253212241, 李沅芷, 安徽省-大连, 女, 54, 19738406561, 20220601115407, 0086
13557725070, 牛魔, 上海市-徐州, 男, 32, 13169795053, 20220204105757, 0230
13881471650, 雅典娜, 浙江省-济宁, 男, 56, 14506294307, 20220901013216, 1937
14942761613, 李白, 湖南省-莆田, 男, 80, 17899953777, 20221215010339, 3440
17316138578, 韩信, 重庆市-常州, 女, 38, 13774286957, 20220124183700, 2074
17337372873, 典韦, 河南省-绵阳, 女, 25, 19253212241, 20220918032410, 1096
19710598261, 陈家洛, 山东省-大连, 男, 20, 13597175032, 20220417022512, 0853
15788158667, 洪七公, 陕西省-宜昌, 男, 46, 15185419746, 20220310061456, 0686
13925679902, 项羽, 上海市-赣州, 男, 35, 16524787883, 20221213101709, 0825
16506906275, 曹操, 河南省-银川, 女, 78, 15815834240, 20220924084802, 0317
16524787883, 百里守约, 福建省-桂林, 男, 42, 17315896288, 20221225064332, 3526
19235500103, 扁鹊, 安徽省-汕头, 男, 50, 13774286957, 20220819143218, 2074
15203239563, 宫本武藏, 吉林省-洛阳, 男, 53, 19827457952, 20221003155238, 1277
17831605038, 伽罗, 北京市-银川, 女, 29, 16506906275, 20220922154518, 2079
16979673722, 余鱼同, 广东省-中山, 女, 19, 19827457952, 20220607002535, 0676
15364681881, 达摩, 甘肃省-中山, 男, 51, 19732304190, 20221228062552, 2943
17315896288, 蔡文姬, 辽宁省-南京, 男, 24, 15604867271, 20220826193854, 0196
15749894076, 云中君, 山东省-汕头, 男, 56, 15100199689, 20221029071351, 1968
13723471791, 张无忌, 广东省-徐州, 女, 77, 16911287096, 20220524032419, 2298
17337372873, 典韦, 河南省-绵阳, 女, 25, 13594054724, 20220828113800, 2925
15257429432, 刘禅, 辽宁省-上饶, 女, 84, 14942761613, 20220209122539, 3375
13881471650, 雅典娜, 浙江省-济宁, 男, 56, 19732304190, 20221126063642, 1960
16585161424, 武则天, 广东省-武汉, 男, 29, 16524787883, 20220125140537, 3370
14834803667, 芈月, 吉林省-淮安, 女, 76, 13712615525, 20220220044109, 3456
13421993620, 墨子, 上海市-郑州, 女, 27, 13394050178, 20220622030900, 2850
19235500103, 扁鹊, 安徽省-汕头, 男, 50, 17315896288, 20220107032511, 2186
13312785277, 苗人凤, 浙江省-廊坊, 男, 69, 13627984072, 20221211151850, 0771
17862630125, 赵云, 黑龙江省-大连, 女, 34, 15604867271, 20221030142505, 0811
13115982373, 高渐离, 海南省-阜阳, 男, 33, 18191435785, 20221122064634, 1392
14964044272, 蒙犽, 浙江省-佛山, 女, 44, 17337372873, 20220207020232, 1128
13774286957, 孙悟空, 四川省-邯郸, 男, 35, 19710598261, 20221231065502, 1133
13668295856, 嬴政, 上海市-盐城, 男, 23, 17379147076, 20220729130506, 1048
15213761503, 胡斐, 吉林省-九江, 男, 21, 17316138578, 20220318051940, 3599
18456061893, 马超, 北京市-泉州, 女, 77, 15203239563, 20220326212007, 2431
14791877341, 姜子牙, 湖北省-临沂, 男, 72, 17862630125, 20221216081835, 2968
17379147076, 哪吒, 浙江省-哈尔滨, 女, 60, 18456061893, 20220928163212, 0741
13011851460, 花木兰, 河南省-莆田, 男, 34, 13169795053, 20220601223835, 1291
15111773933, 嫦娥, 四川省-唐山, 男, 85, 13723471791, 20220402210251, 0169
13010582384, 王昭君, 陕西省-潍坊, 男, 86, 16524787883, 20220502223054, 2316
17323142154, 独孤求败, 吉林省-桂林, 男, 27, 18454136007, 20221102130439, 1640
18454136007, 诸葛亮, 贵州省-镇江, 男, 57, 14964044272, 20220211075856, 1754
15072621001, 孙膑, 上海市-苏州, 女, 21, 13594054724, 20220506205537, 3076
19623976419, 女娲, 湖北省-台州, 男, 32, 13549753335, 20221209134148, 1149
15984611884, 张飞, 福建省-盐城, 女, 81, 19732304190, 20220329064750, 1434
13712615525, 妲己, 江西省-滁州, 男, 41, 14834803667, 20220502190735, 1707
13881471650, 雅典娜, 浙江省-济宁, 男, 56, 13626983496, 20220704015040, 2085
16878814029, 大乔, 黑龙江省-株洲, 男, 62, 13723471791, 20220925180219, 0476
19710598261, 陈家洛, 山东省-大连, 男, 20, 19253212241, 20220801063055, 1681
13166009580, 廉颇, 北京市-泰州, 女, 44, 14970021780, 20220817035100, 1517
18195068046, 关羽, 四川省-湖州, 男, 18, 13723471791, 20220211195817, 3562
15203239563, 宫本武藏, 吉林省-洛阳, 男, 53, 15604867271, 20221101034339, 3206
14888748922, 梦琪, 重庆市-银川, 男, 18, 13169795053, 20221109101542, 1719
17316138578, 韩信, 重庆市-常州, 女, 38, 13549753335, 20220122195535, 2866
18454136007, 诸葛亮, 贵州省-镇江, 男, 57, 14888748922, 20220508191836, 0645
14970021780, 狄仁杰, 吉林省-南阳, 男, 50, 13115982373, 20220729161737, 2152
16290597041, 橘右京, 浙江省-青岛, 男, 81, 18141147293, 20220911130916, 2887
15203239563, 宫本武藏, 吉林省-洛阳, 男, 53, 13774286957, 20220316161049, 0311
19281287735, 老夫子, 北京市-金华, 男, 86, 13166009580, 20220707214535, 1706
17899953777, 百里玄策, 云南省-襄阳, 男, 33, 14888748922, 20220828071315, 2045
16506906275, 曹操, 河南省-银川, 女, 78, 14964044272, 20220917063133, 0094
13288326800, 貂蝉, 江苏省-临沂, 男, 76, 15303846901, 20220222133532, 0231
14942761613, 李白, 湖南省-莆田, 男, 80, 18141147293, 20220610185454, 2749
15815834240, 夏侯惇, 吉林省-九江, 男, 67, 14791877341, 20220131010853, 0706
17876644996, 张良, 青海省-镇江, 女, 48, 16524787883, 20220925212438, 0228
15603751773, 兰陵王, 安徽省-襄阳, 男, 33, 19879694322, 20220330220401, 0260
16979673722, 余鱼同, 广东省-中山, 女, 19, 17323142154, 20221125135003, 0940
19879694322, 杨戬, 上海市-桂林, 女, 84, 16252289041, 20220314190545, 1581
18456061893, 马超, 北京市-泉州, 女, 77, 13902883170, 20220824102400, 1849
16506906275, 曹操, 河南省-银川, 女, 78, 18456061893, 20220519042707, 2140
14809101511, 猪八戒, 贵州省-潍坊, 男, 54, 13166009580, 20221203054012, 0446
13549753335, 不知火舞, 上海市-成都, 男, 47, 18425456833, 20220229022809, 0546
15100199689, 令狐冲, 四川省-新乡, 男, 85, 13549753335, 20220820072142, 1191
14970021780, 狄仁杰, 吉林省-南阳, 男, 50, 17831605038, 20220114024737, 3314
19732304190, 孙策, 贵州省-杭州, 女, 86, 18191435785, 20220915020423, 2719
19827457952, 安琪拉, 山东省-潮州, 男, 57, 16524787883, 20220424044802, 2464
16878814029, 大乔, 黑龙江省-株洲, 男, 62, 14964044272, 20220906120922, 2216
15257429432, 刘禅, 辽宁省-上饶, 女, 84, 17379147076, 20221224034640, 3568
16290597041, 橘右京, 浙江省-青岛, 男, 81, 19827457952, 20220302231922, 3486
14964044272, 蒙犽, 浙江省-佛山, 女, 44, 13723471791, 20221010135012, 2471
14506294307, 公孙离, 甘肃省-漳州, 男, 61, 19623976419, 20220128155412, 2072
14791877341, 姜子牙, 湖北省-临沂, 男, 72, 13010582384, 20220607002610, 1814
14888748922, 梦琪, 重庆市-银川, 男, 18, 13011851460, 20220702013035, 1885
13421993620, 墨子, 上海市-郑州, 女, 27, 15815834240, 20220518083036, 2760
13011851460, 花木兰, 河南省-莆田, 男, 34, 19281287735, 20220525205525, 1347
15364681881, 达摩, 甘肃省-中山, 男, 51, 14791877341, 20220231222027, 0265
15185419746, 阿轲, 贵州省-青岛, 女, 24, 14809101511, 20220609092017, 3050
19253212241, 李沅芷, 安徽省-大连, 女, 54, 13115982373, 20220111041929, 2220
13627984072, 上官婉儿, 广东省-昆明, 男, 57, 19623976419, 20220429181418, 2715
13549753335, 不知火舞, 上海市-成都, 男, 47, 13010582384, 20220820231925, 2397
13557725070, 牛魔, 上海市-徐州, 男, 32, 15749894076, 20220715173212, 0027
13288326800, 貂蝉, 江苏省-临沂, 男, 76, 15788158667, 20221223100051, 1324
15603751773, 兰陵王, 安徽省-襄阳, 男, 33, 13166009580, 20220504131051, 3400
16290597041, 橘右京, 浙江省-青岛, 男, 81, 13594054724, 20221101222258, 2436
15257429432, 刘禅, 辽宁省-上饶, 女, 84, 18141147293, 20221128123919, 0933
14506294307, 公孙离, 甘肃省-漳州, 男, 61, 13626983496, 20220627093426, 1209
13011851460, 花木兰, 河南省-莆田, 男, 34, 18454136007, 20220618005958, 1637
16506906275, 曹操, 河南省-银川, 女, 78, 17879650962, 20221216181219, 3244
19281287735, 老夫子, 北京市-金华, 男, 86, 18195068046, 20220729175646, 2406
18195068046, 关羽, 四川省-湖州, 男, 18, 13712615525, 20220718060256, 3263
14970021780, 狄仁杰, 吉林省-南阳, 男, 50, 14809101511, 20220217221137, 3323
14809101511, 猪八戒, 贵州省-潍坊, 男, 54, 13549753335, 20220107183458, 0774
19738406561, 露娜, 安徽省-湛江, 女, 45, 15815834240, 20221025101757, 1829
14791877341, 姜子牙, 湖北省-临沂, 男, 72, 19297003873, 20221002193741, 0517
15788158667, 洪七公, 陕西省-宜昌, 男, 46, 16585161424, 20220727185039, 0792
15815834240, 夏侯惇, 吉林省-九江, 男, 67, 13712615525, 20220610231125, 0361
13288326800, 貂蝉, 江苏省-临沂, 男, 76, 17337372873, 20220201061435, 0910
16878814029, 大乔, 黑龙江省-株洲, 男, 62, 18141147293, 20221125182731, 2637
13719952508, 张三丰, 湖北省-莆田, 女, 87, 18141147293, 20220421165442, 1819
13597175032, 田归农, 广东省-潮州, 男, 68, 14506294307, 20220512084322, 0640
17316138578, 韩信, 重庆市-常州, 女, 38, 17899953777, 20220213080948, 0393
16290597041, 橘右京, 浙江省-青岛, 男, 81, 19732304190, 20220723062529, 0501
15364681881, 达摩, 甘肃省-中山, 男, 51, 15203239563, 20221001102852, 3284
13557725070, 牛魔, 上海市-徐州, 男, 32, 18195068046, 20220823155235, 2298
19738406561, 露娜, 安徽省-湛江, 女, 45, 19253212241, 20220714064846, 0386
13594054724, 后羿, 江西省-沈阳, 男, 20, 14888748922, 20221027160928, 1206
17899953777, 百里玄策, 云南省-襄阳, 男, 33, 14834803667, 20220103183733, 3474
14970021780, 狄仁杰, 吉林省-南阳, 男, 50, 17337372873, 20220320140013, 3399
14809101511, 猪八戒, 贵州省-潍坊, 男, 54, 13394050178, 20220102174657, 2917
17831605038, 伽罗, 北京市-银川, 女, 29, 13549753335, 20221027095131, 0509
13421993620, 墨子, 上海市-郑州, 女, 27, 13115982373, 20220606021120, 2686
15749894076, 云中君, 山东省-汕头, 男, 56, 18686181608, 20220802000138, 1203
14942761613, 李白, 湖南省-莆田, 男, 80, 14506294307, 20221024002802, 2637
16524787883, 百里守约, 福建省-桂林, 男, 42, 18191435785, 20220505190814, 0555
14834803667, 芈月, 吉林省-淮安, 女, 76, 13394050178, 20220317183443, 0745
13627984072, 上官婉儿, 广东省-昆明, 男, 57, 14834803667, 20220922070927, 2090
14964044272, 蒙犽, 浙江省-佛山, 女, 44, 14970021780, 20220522073422, 1918
15147152761, 鲁班七号, 湖南省-镇江, 男, 47, 18191435785, 20221120104259, 1267
13719952508, 张三丰, 湖北省-莆田, 女, 87, 18195068046, 20221016231045, 3087
13881471650, 雅典娜, 浙江省-济宁, 男, 56, 18191435785, 20220920000838, 0206
13115982373, 高渐离, 海南省-阜阳, 男, 33, 18454136007, 20220222163135, 0005
14834803667, 芈月, 吉林省-淮安, 女, 76, 16878814029, 20220609014320, 3011
18686181608, 钟无艳, 甘肃省-郑州, 男, 72, 14888748922, 20220119020810, 1384
13288326800, 貂蝉, 江苏省-临沂, 男, 76, 16911287096, 20220305055507, 1850
16878814029, 大乔, 黑龙江省-株洲, 男, 62, 16524787883, 20220718201847, 2854
14964044272, 蒙犽, 浙江省-佛山, 女, 44, 16290597041, 20220213195833, 2618
17379147076, 哪吒, 浙江省-哈尔滨, 女, 60, 17316138578, 20221022085031, 1916
17899953777, 百里玄策, 云南省-襄阳, 男, 33, 17831605038, 20221007071732, 0039
19297003873, 李元芳, 辽宁省-新乡, 男, 42, 15147152761, 20220730164019, 2643
17337372873, 典韦, 河南省-绵阳, 女, 25, 15072621001, 20220310200021, 0095
14942761613, 李白, 湖南省-莆田, 男, 80, 18141147293, 20220514021116, 2984
17879650962, 孙尚香, 湖南省-湖州, 女, 77, 18195068046, 20220108183406, 0874
19297003873, 李元芳, 辽宁省-新乡, 男, 42, 17876644996, 20220826181320, 1479
14970021780, 狄仁杰, 吉林省-南阳, 男, 50, 13774286957, 20220914153535, 0976
13010582384, 王昭君, 陕西省-潍坊, 男, 86, 16290597041, 20220404152456, 1661
17315896288, 蔡文姬, 辽宁省-南京, 男, 24, 19297003873, 20220920081541, 3484
13467604775, 吕布, 四川省-合肥, 男, 35, 15213761503, 20220912080257, 2004
17899953777, 百里玄策, 云南省-襄阳, 男, 33, 17879650962, 20220925190505, 0098
19281287735, 老夫子, 北京市-金华, 男, 86, 13594054724, 20220825200836, 2843
14809101511, 猪八戒, 贵州省-潍坊, 男, 54, 16979673722, 20220716142851, 1728
13925679902, 项羽, 上海市-赣州, 男, 35, 19235500103, 20220506023457, 2039
18686181608, 钟无艳, 甘肃省-郑州, 男, 72, 19253212241, 20221029140137, 2575
17831605038, 伽罗, 北京市-银川, 女, 29, 15185419746, 20220315113237, 2344
13881471650, 雅典娜, 浙江省-济宁, 男, 56, 13549753335, 20221127230017, 3542
15185419746, 阿轲, 贵州省-青岛, 女, 24, 17831605038, 20220329141556, 0830
18425456833, 庄周, 河南省-常德, 男, 45, 13011851460, 20220503152811, 3349
15111773933, 嫦娥, 四川省-唐山, 男, 85, 13288326800, 20220915172653, 2621
13723471791, 张无忌, 广东省-徐州, 女, 77, 19738406561, 20220213154728, 1384
14964044272, 蒙犽, 浙江省-佛山, 女, 44, 17315896288, 20220431222504, 1834
17379147076, 哪吒, 浙江省-哈尔滨, 女, 60, 19281287735, 20220523054213, 1089
15111773933, 嫦娥, 四川省-唐山, 男, 85, 13394050178, 20220717065101, 3058
17899953777, 百里玄策, 云南省-襄阳, 男, 33, 13169795053, 20220618024749, 1344
18456061893, 马超, 北京市-泉州, 女, 77, 14506294307, 20220430062513, 3187
16979673722, 余鱼同, 广东省-中山, 女, 19, 13881471650, 20220330065109, 0152
15604867271, 甄姬, 云南省-威海, 女, 63, 13712615525, 20220411072801, 0577
16506906275, 曹操, 河南省-银川, 女, 78, 15185419746, 20220213015401, 2811
19297003873, 李元芳, 辽宁省-新乡, 男, 42, 16979673722, 20220423013412, 1751
16524787883, 百里守约, 福建省-桂林, 男, 42, 13011851460, 20220621151838, 2292
13594054724, 后羿, 江西省-沈阳, 男, 20, 13925679902, 20220931184548, 2230
13115982373, 高渐离, 海南省-阜阳, 男, 33, 19253212241, 20220513153804, 3467
14809101511, 猪八戒, 贵州省-潍坊, 男, 54, 15815834240, 20220223003013, 3018
13394050178, 郭靖, 天津市-潍坊, 男, 59, 13010582384, 20220722161020, 2559
13723471791, 张无忌, 广东省-徐州, 女, 77, 13925679902, 20220412192727, 1083
18454136007, 诸葛亮, 贵州省-镇江, 男, 57, 13597175032, 20220810131608, 1889
17684257298, 郭芙, 青海省-厦门, 男, 28, 17862630125, 20220315202446, 2471
19738406561, 露娜, 安徽省-湛江, 女, 45, 15603751773, 20220328064839, 2929
13421993620, 墨子, 上海市-郑州, 女, 27, 16911287096, 20220102234153, 1527
15185419746, 阿轲, 贵州省-青岛, 女, 24, 17316138578, 20221206184312, 3296
13925679902, 项羽, 上海市-赣州, 男, 35, 13011851460, 20220825101035, 3364
19827457952, 安琪拉, 山东省-潮州, 男, 57, 17876644996, 20220207023448, 3165
15203239563, 宫本武藏, 吉林省-洛阳, 男, 53, 16252289041, 20220523153800, 3589
17831605038, 伽罗, 北京市-银川, 女, 29, 17876644996, 20220304113520, 1471
17337372873, 典韦, 河南省-绵阳, 女, 25, 16878814029, 20220918024947, 0976
13626983496, 白起, 甘肃省-济宁, 男, 76, 17879650962, 20220821153150, 1078
16252289041, 程咬金, 河北省-中山, 男, 83, 19827457952, 20221011053941, 1248
16979673722, 余鱼同, 广东省-中山, 女, 19, 18195068046, 20220322090802, 2287
18686181608, 钟无艳, 甘肃省-郑州, 男, 72, 15364681881, 20221215022336, 2130
19738406561, 露娜, 安徽省-湛江, 女, 45, 17337372873, 20220530104054, 3477
14888748922, 梦琪, 重庆市-银川, 男, 18, 13467604775, 20221221133829, 2523
